<?xml version="1.0" encoding="utf-8"?>
<TestRun id="5117cabe-0bf6-4230-9d53-09363fd41c1f" name="HP@SRIHITHAKAMTALA 2026-03-04 02:34:53" runUser="SRIHITHAKAMTALA\HP" xmlns="http://microsoft.com/schemas/VisualStudio/TeamTest/2010">
  <Times creation="2026-03-04T02:34:53.9076857+05:30" queuing="2026-03-04T02:34:53.9076864+05:30" start="2026-03-04T02:34:51.8249221+05:30" finish="2026-03-04T02:34:53.9574301+05:30" />
  <TestSettings name="default" id="b174b766-9d3c-433d-ab19-c840692614cc">
    <Deployment runDeploymentRoot="HP_SRIHITHAKAMTALA_2026-03-04_02_34_53" />
  </TestSettings>
  <Results>
    <UnitTestResult executionId="48487fce-4e40-450e-8c42-2aeda9a7181d" testId="9e3e2a14-a62c-903e-add5-6699d6efe641" testName="Application.Tests.Services.PaymentServiceTests.MakePaymentAsync_ShouldCreatePayment_WhenRequestIsValid" computerName="SRIHITHAKAMTALA" duration="00:00:01.3227842" startTime="2026-03-04T02:34:53.7520154+05:30" endTime="2026-03-04T02:34:53.7520338+05:30" testType="13cdc9d9-ddb5-4fa4-a97d-d965ccfc6d4b" outcome="Passed" testListId="8c84fa94-04c1-424b-9868-57a2d4851a1d" relativeResultsDirectory="48487fce-4e40-450e-8c42-2aeda9a7181d" />
    <UnitTestResult executionId="c266b94d-0b77-422f-b1ea-f381d552f8d5" testId="0f3c87c0-667d-46a4-3dbf-fa2354b0b9ed" testName="Application.Tests.Services.PaymentServiceTests.MakePaymentAsync_ShouldThrowBadRequestException_WhenPolicyStatusIsNotActive" computerName="SRIHITHAKAMTALA" duration="00:00:00.0016438" startTime="2026-03-04T02:34:53.8432824+05:30" endTime="2026-03-04T02:34:53.8432825+05:30" testType="13cdc9d9-ddb5-4fa4-a97d-d965ccfc6d4b" outcome="Passed" testListId="8c84fa94-04c1-424b-9868-57a2d4851a1d" relativeResultsDirectory="c266b94d-0b77-422f-b1ea-f381d552f8d5" />
    <UnitTestResult executionId="513f49d0-46c7-4336-b655-9565d5d7194f" testId="6be4fa67-acb3-c8b2-a75a-7ee8a34cd6d6" testName="Application.Tests.Services.PaymentServiceTests.MakePaymentAsync_ShouldThrowNotFoundException_WhenPolicyDoesNotExist" computerName="SRIHITHAKAMTALA" duration="00:00:00.0012765" startTime="2026-03-04T02:34:53.8415792+05:30" endTime="2026-03-04T02:34:53.8415793+05:30" testType="13cdc9d9-ddb5-4fa4-a97d-d965ccfc6d4b" outcome="Passed" testListId="8c84fa94-04c1-424b-9868-57a2d4851a1d" relativeResultsDirectory="513f49d0-46c7-4336-b655-9565d5d7194f" />
    <UnitTestResult executionId="14565596-232a-41ac-a34a-2751a65430e2" testId="d9a8f8de-4b7e-e877-a036-f6f76d595ccd" testName="Application.Tests.Services.PaymentServiceTests.GetMyPaymentsAsync_ShouldReturnUsersPayments_WhenTheyExist" computerName="SRIHITHAKAMTALA" duration="00:00:00.0541353" startTime="2026-03-04T02:34:53.8058067+05:30" endTime="2026-03-04T02:34:53.8058069+05:30" testType="13cdc9d9-ddb5-4fa4-a97d-d965ccfc6d4b" outcome="Passed" testListId="8c84fa94-04c1-424b-9868-57a2d4851a1d" relativeResultsDirectory="14565596-232a-41ac-a34a-2751a65430e2" />
    <UnitTestResult executionId="dd091846-143a-4b06-9713-6b785b1aa5ad" testId="fa7946c0-6c10-ae52-4acf-96956f624d8a" testName="Application.Tests.Services.PaymentServiceTests.MakePaymentAsync_ShouldThrowForbiddenException_WhenPolicyDoesNotBelongToCustomer" computerName="SRIHITHAKAMTALA" duration="00:00:00.0013221" startTime="2026-03-04T02:34:53.8446558+05:30" endTime="2026-03-04T02:34:53.8446559+05:30" testType="13cdc9d9-ddb5-4fa4-a97d-d965ccfc6d4b" outcome="Passed" testListId="8c84fa94-04c1-424b-9868-57a2d4851a1d" relativeResultsDirectory="dd091846-143a-4b06-9713-6b785b1aa5ad" />
    <UnitTestResult executionId="25c55d9c-471e-4151-b99f-c0eae3d92ff5" testId="5e443570-a7e9-9ee9-f1ab-9e51e0cf668d" testName="Application.Tests.Services.PaymentServiceTests.GetPaymentsByPolicyAsync_ShouldReturnPolicyPayments_WhenTheyExist" computerName="SRIHITHAKAMTALA" duration="00:00:00.0188496" startTime="2026-03-04T02:34:53.8879523+05:30" endTime="2026-03-04T02:34:53.8879526+05:30" testType="13cdc9d9-ddb5-4fa4-a97d-d965ccfc6d4b" outcome="Passed" testListId="8c84fa94-04c1-424b-9868-57a2d4851a1d" relativeResultsDirectory="25c55d9c-471e-4151-b99f-c0eae3d92ff5" />
    <UnitTestResult executionId="86c4811f-e751-49cf-b1a2-9f950ee5c5f9" testId="dece56e8-d731-cf67-0f90-ab3e1d5e8d2d" testName="Application.Tests.Services.PaymentServiceTests.GenerateInvoicePdfAsync_ShouldThrowForbiddenException_WhenPaymentBelongsToAnotherCustomer" computerName="SRIHITHAKAMTALA" duration="00:00:00.0173411" startTime="2026-03-04T02:34:53.8402247+05:30" endTime="2026-03-04T02:34:53.8402250+05:30" testType="13cdc9d9-ddb5-4fa4-a97d-d965ccfc6d4b" outcome="Passed" testListId="8c84fa94-04c1-424b-9868-57a2d4851a1d" relativeResultsDirectory="86c4811f-e751-49cf-b1a2-9f950ee5c5f9" />
    <UnitTestResult executionId="a97eca88-e740-4ead-8beb-6a65dcf0a2a0" testId="c9f36fd5-45f0-8dd1-d261-bbbdf45a1f4d" testName="Application.Tests.Services.PaymentServiceTests.MakePaymentAsync_ShouldCalculateTotalAmountCorrectly_WithExtraInstallments" computerName="SRIHITHAKAMTALA" duration="00:00:00.0026717" startTime="2026-03-04T02:34:53.8473899+05:30" endTime="2026-03-04T02:34:53.8473901+05:30" testType="13cdc9d9-ddb5-4fa4-a97d-d965ccfc6d4b" outcome="Passed" testListId="8c84fa94-04c1-424b-9868-57a2d4851a1d" relativeResultsDirectory="a97eca88-e740-4ead-8beb-6a65dcf0a2a0" />
    <UnitTestResult executionId="e2e13e18-5595-4093-9738-8f1590fce348" testId="274be200-4aca-ef39-c607-6134e4ffd203" testName="Application.Tests.Services.PaymentServiceTests.GenerateInvoicePdfAsync_ShouldReturnPdfBytes_WhenPaymentBelongsToCustomer" computerName="SRIHITHAKAMTALA" duration="00:00:00.0138183" startTime="2026-03-04T02:34:53.8744803+05:30" endTime="2026-03-04T02:34:53.8744806+05:30" testType="13cdc9d9-ddb5-4fa4-a97d-d965ccfc6d4b" outcome="Failed" testListId="8c84fa94-04c1-424b-9868-57a2d4851a1d" relativeResultsDirectory="e2e13e18-5595-4093-9738-8f1590fce348">
      <Output>
        <ErrorInfo>
          <Message>System.Exception : 



Thank you for choosing QuestPDF — one quick step before you continue. Please configure your license.

QuestPDF is free for most teams. Commercial licenses provide legal compliance and long-term support for larger organizations, while funding continued development for everyone. 

Choose the applicable license:
- Community (free): organizations with less than $1M USD annual gross revenue;
- Professional / Enterprise (paid): required above this threshold 

Evaluation and non-production use is always permitted under the Community license. 

Set once at application startup:
// TODO: verify license compliance 

QuestPDF.Settings.License = LicenseType.Community; 

No license key or activation required — we trust you to select the correct option. 

Read more about licensing and pricing: https://www.questpdf.com/license 

We wish you a great experience! 



</Message>
          <StackTrace>   at QuestPDF.Drawing.DocumentGenerator.ValidateLicense()&#xD;
   at QuestPDF.Drawing.DocumentGenerator.GeneratePdf(SkWriteStream stream, IDocument document)&#xD;
   at QuestPDF.Fluent.GenerateExtensions.GeneratePdf(IDocument document, Stream stream)&#xD;
   at QuestPDF.Fluent.GenerateExtensions.GeneratePdf(IDocument document)&#xD;
   at Application.Services.PaymentService.GeneratePdfBytes(Payment payment) in D:\angularpractice\HartfordAssignments\capstone\InsuranceSolution\Application\Services\PaymentService.cs:line 313&#xD;
   at Application.Services.PaymentService.GenerateInvoicePdfAsync(Int32 paymentId, Int32 customerId) in D:\angularpractice\HartfordAssignments\capstone\InsuranceSolution\Application\Services\PaymentService.cs:line 207&#xD;
   at Application.Tests.Services.PaymentServiceTests.GenerateInvoicePdfAsync_ShouldReturnPdfBytes_WhenPaymentBelongsToCustomer() in D:\angularpractice\HartfordAssignments\capstone\InsuranceSolution\Application.Tests\Services\PaymentServiceTests.cs:line 256&#xD;
--- End of stack trace from previous location ---</StackTrace>
        </ErrorInfo>
      </Output>
    </UnitTestResult>
    <UnitTestResult executionId="2842fb52-26d1-47bb-b8b5-71fe9940446d" testId="b7af02ec-1ba0-138f-b796-25c5e54948e9" testName="Application.Tests.Services.PaymentServiceTests.MakePaymentAsync_ShouldThrowBadRequestException_WhenPaymentIsMadeTooEarly" computerName="SRIHITHAKAMTALA" duration="00:00:00.0169133" startTime="2026-03-04T02:34:53.8227858+05:30" endTime="2026-03-04T02:34:53.8227859+05:30" testType="13cdc9d9-ddb5-4fa4-a97d-d965ccfc6d4b" outcome="Passed" testListId="8c84fa94-04c1-424b-9868-57a2d4851a1d" relativeResultsDirectory="2842fb52-26d1-47bb-b8b5-71fe9940446d" />
  </Results>
  <TestDefinitions>
    <UnitTest name="Application.Tests.Services.PaymentServiceTests.MakePaymentAsync_ShouldCreatePayment_WhenRequestIsValid" storage="d:\angularpractice\hartfordassignments\capstone\insurancesolution\application.tests\bin\debug\net8.0\application.tests.dll" id="9e3e2a14-a62c-903e-add5-6699d6efe641">
      <Execution id="48487fce-4e40-450e-8c42-2aeda9a7181d" />
      <TestMethod codeBase="D:\angularpractice\HartfordAssignments\capstone\InsuranceSolution\Application.Tests\bin\Debug\net8.0\Application.Tests.dll" adapterTypeName="executor://xunit/VsTestRunner2/netcoreapp" className="Application.Tests.Services.PaymentServiceTests" name="MakePaymentAsync_ShouldCreatePayment_WhenRequestIsValid" />
    </UnitTest>
    <UnitTest name="Application.Tests.Services.PaymentServiceTests.MakePaymentAsync_ShouldThrowBadRequestException_WhenPolicyStatusIsNotActive" storage="d:\angularpractice\hartfordassignments\capstone\insurancesolution\application.tests\bin\debug\net8.0\application.tests.dll" id="0f3c87c0-667d-46a4-3dbf-fa2354b0b9ed">
      <Execution id="c266b94d-0b77-422f-b1ea-f381d552f8d5" />
      <TestMethod codeBase="D:\angularpractice\HartfordAssignments\capstone\InsuranceSolution\Application.Tests\bin\Debug\net8.0\Application.Tests.dll" adapterTypeName="executor://xunit/VsTestRunner2/netcoreapp" className="Application.Tests.Services.PaymentServiceTests" name="MakePaymentAsync_ShouldThrowBadRequestException_WhenPolicyStatusIsNotActive" />
    </UnitTest>
    <UnitTest name="Application.Tests.Services.PaymentServiceTests.MakePaymentAsync_ShouldThrowBadRequestException_WhenPaymentIsMadeTooEarly" storage="d:\angularpractice\hartfordassignments\capstone\insurancesolution\application.tests\bin\debug\net8.0\application.tests.dll" id="b7af02ec-1ba0-138f-b796-25c5e54948e9">
      <Execution id="2842fb52-26d1-47bb-b8b5-71fe9940446d" />
      <TestMethod codeBase="D:\angularpractice\HartfordAssignments\capstone\InsuranceSolution\Application.Tests\bin\Debug\net8.0\Application.Tests.dll" adapterTypeName="executor://xunit/VsTestRunner2/netcoreapp" className="Application.Tests.Services.PaymentServiceTests" name="MakePaymentAsync_ShouldThrowBadRequestException_WhenPaymentIsMadeTooEarly" />
    </UnitTest>
    <UnitTest name="Application.Tests.Services.PaymentServiceTests.MakePaymentAsync_ShouldThrowForbiddenException_WhenPolicyDoesNotBelongToCustomer" storage="d:\angularpractice\hartfordassignments\capstone\insurancesolution\application.tests\bin\debug\net8.0\application.tests.dll" id="fa7946c0-6c10-ae52-4acf-96956f624d8a">
      <Execution id="dd091846-143a-4b06-9713-6b785b1aa5ad" />
      <TestMethod codeBase="D:\angularpractice\HartfordAssignments\capstone\InsuranceSolution\Application.Tests\bin\Debug\net8.0\Application.Tests.dll" adapterTypeName="executor://xunit/VsTestRunner2/netcoreapp" className="Application.Tests.Services.PaymentServiceTests" name="MakePaymentAsync_ShouldThrowForbiddenException_WhenPolicyDoesNotBelongToCustomer" />
    </UnitTest>
    <UnitTest name="Application.Tests.Services.PaymentServiceTests.GenerateInvoicePdfAsync_ShouldThrowForbiddenException_WhenPaymentBelongsToAnotherCustomer" storage="d:\angularpractice\hartfordassignments\capstone\insurancesolution\application.tests\bin\debug\net8.0\application.tests.dll" id="dece56e8-d731-cf67-0f90-ab3e1d5e8d2d">
      <Execution id="86c4811f-e751-49cf-b1a2-9f950ee5c5f9" />
      <TestMethod codeBase="D:\angularpractice\HartfordAssignments\capstone\InsuranceSolution\Application.Tests\bin\Debug\net8.0\Application.Tests.dll" adapterTypeName="executor://xunit/VsTestRunner2/netcoreapp" className="Application.Tests.Services.PaymentServiceTests" name="GenerateInvoicePdfAsync_ShouldThrowForbiddenException_WhenPaymentBelongsToAnotherCustomer" />
    </UnitTest>
    <UnitTest name="Application.Tests.Services.PaymentServiceTests.GetMyPaymentsAsync_ShouldReturnUsersPayments_WhenTheyExist" storage="d:\angularpractice\hartfordassignments\capstone\insurancesolution\application.tests\bin\debug\net8.0\application.tests.dll" id="d9a8f8de-4b7e-e877-a036-f6f76d595ccd">
      <Execution id="14565596-232a-41ac-a34a-2751a65430e2" />
      <TestMethod codeBase="D:\angularpractice\HartfordAssignments\capstone\InsuranceSolution\Application.Tests\bin\Debug\net8.0\Application.Tests.dll" adapterTypeName="executor://xunit/VsTestRunner2/netcoreapp" className="Application.Tests.Services.PaymentServiceTests" name="GetMyPaymentsAsync_ShouldReturnUsersPayments_WhenTheyExist" />
    </UnitTest>
    <UnitTest name="Application.Tests.Services.PaymentServiceTests.GenerateInvoicePdfAsync_ShouldReturnPdfBytes_WhenPaymentBelongsToCustomer" storage="d:\angularpractice\hartfordassignments\capstone\insurancesolution\application.tests\bin\debug\net8.0\application.tests.dll" id="274be200-4aca-ef39-c607-6134e4ffd203">
      <Execution id="e2e13e18-5595-4093-9738-8f1590fce348" />
      <TestMethod codeBase="D:\angularpractice\HartfordAssignments\capstone\InsuranceSolution\Application.Tests\bin\Debug\net8.0\Application.Tests.dll" adapterTypeName="executor://xunit/VsTestRunner2/netcoreapp" className="Application.Tests.Services.PaymentServiceTests" name="GenerateInvoicePdfAsync_ShouldReturnPdfBytes_WhenPaymentBelongsToCustomer" />
    </UnitTest>
    <UnitTest name="Application.Tests.Services.PaymentServiceTests.MakePaymentAsync_ShouldThrowNotFoundException_WhenPolicyDoesNotExist" storage="d:\angularpractice\hartfordassignments\capstone\insurancesolution\application.tests\bin\debug\net8.0\application.tests.dll" id="6be4fa67-acb3-c8b2-a75a-7ee8a34cd6d6">
      <Execution id="513f49d0-46c7-4336-b655-9565d5d7194f" />
      <TestMethod codeBase="D:\angularpractice\HartfordAssignments\capstone\InsuranceSolution\Application.Tests\bin\Debug\net8.0\Application.Tests.dll" adapterTypeName="executor://xunit/VsTestRunner2/netcoreapp" className="Application.Tests.Services.PaymentServiceTests" name="MakePaymentAsync_ShouldThrowNotFoundException_WhenPolicyDoesNotExist" />
    </UnitTest>
    <UnitTest name="Application.Tests.Services.PaymentServiceTests.MakePaymentAsync_ShouldCalculateTotalAmountCorrectly_WithExtraInstallments" storage="d:\angularpractice\hartfordassignments\capstone\insurancesolution\application.tests\bin\debug\net8.0\application.tests.dll" id="c9f36fd5-45f0-8dd1-d261-bbbdf45a1f4d">
      <Execution id="a97eca88-e740-4ead-8beb-6a65dcf0a2a0" />
      <TestMethod codeBase="D:\angularpractice\HartfordAssignments\capstone\InsuranceSolution\Application.Tests\bin\Debug\net8.0\Application.Tests.dll" adapterTypeName="executor://xunit/VsTestRunner2/netcoreapp" className="Application.Tests.Services.PaymentServiceTests" name="MakePaymentAsync_ShouldCalculateTotalAmountCorrectly_WithExtraInstallments" />
    </UnitTest>
    <UnitTest name="Application.Tests.Services.PaymentServiceTests.GetPaymentsByPolicyAsync_ShouldReturnPolicyPayments_WhenTheyExist" storage="d:\angularpractice\hartfordassignments\capstone\insurancesolution\application.tests\bin\debug\net8.0\application.tests.dll" id="5e443570-a7e9-9ee9-f1ab-9e51e0cf668d">
      <Execution id="25c55d9c-471e-4151-b99f-c0eae3d92ff5" />
      <TestMethod codeBase="D:\angularpractice\HartfordAssignments\capstone\InsuranceSolution\Application.Tests\bin\Debug\net8.0\Application.Tests.dll" adapterTypeName="executor://xunit/VsTestRunner2/netcoreapp" className="Application.Tests.Services.PaymentServiceTests" name="GetPaymentsByPolicyAsync_ShouldReturnPolicyPayments_WhenTheyExist" />
    </UnitTest>
  </TestDefinitions>
  <TestEntries>
    <TestEntry testId="9e3e2a14-a62c-903e-add5-6699d6efe641" executionId="48487fce-4e40-450e-8c42-2aeda9a7181d" testListId="8c84fa94-04c1-424b-9868-57a2d4851a1d" />
    <TestEntry testId="0f3c87c0-667d-46a4-3dbf-fa2354b0b9ed" executionId="c266b94d-0b77-422f-b1ea-f381d552f8d5" testListId="8c84fa94-04c1-424b-9868-57a2d4851a1d" />
    <TestEntry testId="6be4fa67-acb3-c8b2-a75a-7ee8a34cd6d6" executionId="513f49d0-46c7-4336-b655-9565d5d7194f" testListId="8c84fa94-04c1-424b-9868-57a2d4851a1d" />
    <TestEntry testId="d9a8f8de-4b7e-e877-a036-f6f76d595ccd" executionId="14565596-232a-41ac-a34a-2751a65430e2" testListId="8c84fa94-04c1-424b-9868-57a2d4851a1d" />
    <TestEntry testId="fa7946c0-6c10-ae52-4acf-96956f624d8a" executionId="dd091846-143a-4b06-9713-6b785b1aa5ad" testListId="8c84fa94-04c1-424b-9868-57a2d4851a1d" />
    <TestEntry testId="5e443570-a7e9-9ee9-f1ab-9e51e0cf668d" executionId="25c55d9c-471e-4151-b99f-c0eae3d92ff5" testListId="8c84fa94-04c1-424b-9868-57a2d4851a1d" />
    <TestEntry testId="dece56e8-d731-cf67-0f90-ab3e1d5e8d2d" executionId="86c4811f-e751-49cf-b1a2-9f950ee5c5f9" testListId="8c84fa94-04c1-424b-9868-57a2d4851a1d" />
    <TestEntry testId="c9f36fd5-45f0-8dd1-d261-bbbdf45a1f4d" executionId="a97eca88-e740-4ead-8beb-6a65dcf0a2a0" testListId="8c84fa94-04c1-424b-9868-57a2d4851a1d" />
    <TestEntry testId="274be200-4aca-ef39-c607-6134e4ffd203" executionId="e2e13e18-5595-4093-9738-8f1590fce348" testListId="8c84fa94-04c1-424b-9868-57a2d4851a1d" />
    <TestEntry testId="b7af02ec-1ba0-138f-b796-25c5e54948e9" executionId="2842fb52-26d1-47bb-b8b5-71fe9940446d" testListId="8c84fa94-04c1-424b-9868-57a2d4851a1d" />
  </TestEntries>
  <TestLists>
    <TestList name="Results Not in a List" id="8c84fa94-04c1-424b-9868-57a2d4851a1d" />
    <TestList name="All Loaded Results" id="19431567-8539-422a-85d7-44ee4e166bda" />
  </TestLists>
  <ResultSummary outcome="Failed">
    <Counters total="10" executed="10" passed="9" failed="1" error="0" timeout="0" aborted="0" inconclusive="0" passedButRunAborted="0" notRunnable="0" notExecuted="0" disconnected="0" warning="0" completed="0" inProgress="0" pending="0" />
    <Output>
      <StdOut>[xUnit.net 00:00:00.00] xUnit.net VSTest Adapter v2.5.3.1+6b60a9e56a (64-bit .NET 8.0.8)&#xD;
[xUnit.net 00:00:00.07]   Discovering: Application.Tests&#xD;
[xUnit.net 00:00:00.11]   Discovered:  Application.Tests&#xD;
[xUnit.net 00:00:00.12]   Starting:    Application.Tests&#xD;
[xUnit.net 00:00:01.60]       System.Exception : 



Thank you for choosing QuestPDF — one quick step before you continue. Please configure your license.

QuestPDF is free for most teams. Commercial licenses provide legal compliance and long-term support for larger organizations, while funding continued development for everyone. 

Choose the applicable license:
- Community (free): organizations with less than $1M USD annual gross revenue;
- Professional / Enterprise (paid): required above this threshold 

Evaluation and non-production use is always permitted under the Community license. 

Set once at application startup:
// TODO: verify license compliance 

QuestPDF.Settings.License = LicenseType.Community; 

No license key or activation required — we trust you to select the correct option. 

Read more about licensing and pricing: https://www.questpdf.com/license 

We wish you a great experience! 



&#xD;
[xUnit.net 00:00:01.60]       Stack Trace:&#xD;
[xUnit.net 00:00:01.60]            at QuestPDF.Drawing.DocumentGenerator.ValidateLicense()&#xD;
[xUnit.net 00:00:01.60]            at QuestPDF.Drawing.DocumentGenerator.GeneratePdf(SkWriteStream stream, IDocument document)&#xD;
[xUnit.net 00:00:01.60]            at QuestPDF.Fluent.GenerateExtensions.GeneratePdf(IDocument document, Stream stream)&#xD;
[xUnit.net 00:00:01.60]            at QuestPDF.Fluent.GenerateExtensions.GeneratePdf(IDocument document)&#xD;
[xUnit.net 00:00:01.60]         D:\angularpractice\HartfordAssignments\capstone\InsuranceSolution\Application\Services\PaymentService.cs(313,0): at Application.Services.PaymentService.GeneratePdfBytes(Payment payment)&#xD;
[xUnit.net 00:00:01.60]         D:\angularpractice\HartfordAssignments\capstone\InsuranceSolution\Application\Services\PaymentService.cs(207,0): at Application.Services.PaymentService.GenerateInvoicePdfAsync(Int32 paymentId, Int32 customerId)&#xD;
[xUnit.net 00:00:01.60]         D:\angularpractice\HartfordAssignments\capstone\InsuranceSolution\Application.Tests\Services\PaymentServiceTests.cs(256,0): at Application.Tests.Services.PaymentServiceTests.GenerateInvoicePdfAsync_ShouldReturnPdfBytes_WhenPaymentBelongsToCustomer()&#xD;
[xUnit.net 00:00:01.60]         --- End of stack trace from previous location ---&#xD;
[xUnit.net 00:00:01.62]   Finished:    Application.Tests&#xD;
</StdOut>
    </Output>
    <RunInfos>
      <RunInfo computerName="SRIHITHAKAMTALA" outcome="Error" timestamp="2026-03-04T02:34:53.8714451+05:30">
        <Text>[xUnit.net 00:00:01.60]     Application.Tests.Services.PaymentServiceTests.GenerateInvoicePdfAsync_ShouldReturnPdfBytes_WhenPaymentBelongsToCustomer [FAIL]</Text>
      </RunInfo>
    </RunInfos>
  </ResultSummary>
</TestRun>